#
# There is insufficient memory for the Java Runtime Environment to continue.
# Native memory allocation (malloc) failed to allocate 233216 bytes. Error detail: Chunk::new
# Possible reasons:
#   The system is out of physical RAM or swap space
#   This process is running with CompressedOops enabled, and the Java Heap may be blocking the growth of the native heap
# Possible solutions:
#   Reduce memory load on the system
#   Increase physical memory or swap space
#   Check if swap backing store is full
#   Decrease Java heap size (-Xmx/-Xms)
#   Decrease number of Java threads
#   Decrease Java thread stack sizes (-Xss)
#   Set larger code cache with -XX:ReservedCodeCacheSize=
#   JVM is running with Unscaled Compressed Oops mode in which the Java heap is
#     placed in the first 4GB address space. The Java Heap base address is the
#     maximum limit for the native heap growth. Please use -XX:HeapBaseMinAddress
#     to set the Java Heap base and to place the Java Heap above 4GB virtual address.
# This output file may be truncated or incomplete.
#
#  Out of Memory Error (arena.cpp:149), pid=13372, tid=11180
#
# JRE version: Java(TM) SE Runtime Environment (23.0.2+7) (build 23.0.2+7-58)
# Java VM: Java HotSpot(TM) 64-Bit Server VM (23.0.2+7-58, mixed mode, sharing, tiered, compressed oops, compressed class ptrs, g1 gc, windows-amd64)
# Core dump will be written. Default location: C:\Users\Admin\Downloads\JavaBeans_POS\hs_err_pid13372.mdmp
#

---------------  S U M M A R Y ------------

Command Line: -Dfile.encoding=UTF-8 --module-path=C:\Users\Admin\Downloads\JavaBeans_POS\build\classes admin.Admin_Dashboard

Host: Intel(R) Core(TM) i5-8250U CPU @ 1.60GHz, 8 cores, 7G,  Windows Server 2019 , 64 bit Build 19041 (10.0.19041.5678)
Time: Mon Apr 28 01:47:39 2025 China Standard Time elapsed time: 2.007817 seconds (0d 0h 0m 2s)

---------------  T H R E A D  ---------------

Current thread (0x0000026532ddc380):  JavaThread "C2 CompilerThread0" daemon [_thread_in_native, id=11180, stack(0x000000f5d6f00000,0x000000f5d7000000) (1024K)]


Current CompileTask:
C2:2007 2315       4       sun.security.util.math.intpoly.IntegerPolynomial$MutableElement::setProduct (6 bytes)

Stack: [0x000000f5d6f00000,0x000000f5d7000000]
Native frames: (J=compiled Java code, j=interpreted, Vv=VM code, C=native code)
V  [jvm.dll+0x6e0b99]  (no source info available)
V  [jvm.dll+0x87e2b3]  (no source info available)
V  [jvm.dll+0x88073e]  (no source info available)
V  [jvm.dll+0x880e13]  (no source info available)
V  [jvm.dll+0x27b006]  (no source info available)
V  [jvm.dll+0xbc06f]  (no source info available)
V  [jvm.dll+0xbc2cb]  (no source info available)
V  [jvm.dll+0x3b3c5c]  (no source info available)
V  [jvm.dll+0x1dc2ac]  (no source info available)
V  [jvm.dll+0x244ce5]  (no source info available)
V  [jvm.dll+0x243eff]  (no source info available)
V  [jvm.dll+0x1c34b0]  (no source info available)
V  [jvm.dll+0x253df1]  (no source info available)
V  [jvm.dll+0x2520aa]  (no source info available)
V  [jvm.dll+0x3ee226]  (no source info available)
V  [jvm.dll+0x8254cb]  (no source info available)
V  [jvm.dll+0x6df345]  (no source info available)
C  [ucrtbase.dll+0x21bb2]  (no source info available)
C  [KERNEL32.DLL+0x17374]  (no source info available)
C  [ntdll.dll+0x4cc91]  (no source info available)

Lock stack of current Java thread (top to bottom):


---------------  P R O C E S S  ---------------

Threads class SMR info:
_java_thread_list=0x0000026579bdd5f0, length=20, elements={
0x0000026532dc2940, 0x0000026532dc56c0, 0x0000026532dc6e50, 0x0000026532dca8d0,
0x0000026532dd6990, 0x0000026532dd4230, 0x0000026532ddc380, 0x0000026532de1250,
0x0000026532dd48c0, 0x0000026532dd7020, 0x0000026532dd3ba0, 0x0000026532dd55e0,
0x0000026532dd4f50, 0x0000026532dd5c70, 0x0000026532dd6300, 0x00000265789c14a0,
0x0000026578a9dec0, 0x0000026578a9d830, 0x0000026578a9a3b0, 0x0000026579e6d050
}

Java Threads: ( => current thread )
  0x0000026532dc2940 JavaThread "Reference Handler"          daemon [_thread_blocked, id=7004, stack(0x000000f5d6900000,0x000000f5d6a00000) (1024K)]
  0x0000026532dc56c0 JavaThread "Finalizer"                  daemon [_thread_blocked, id=5104, stack(0x000000f5d6a00000,0x000000f5d6b00000) (1024K)]
  0x0000026532dc6e50 JavaThread "Signal Dispatcher"          daemon [_thread_blocked, id=3240, stack(0x000000f5d6b00000,0x000000f5d6c00000) (1024K)]
  0x0000026532dca8d0 JavaThread "Attach Listener"            daemon [_thread_blocked, id=12260, stack(0x000000f5d6c00000,0x000000f5d6d00000) (1024K)]
  0x0000026532dd6990 JavaThread "Service Thread"             daemon [_thread_blocked, id=8912, stack(0x000000f5d6d00000,0x000000f5d6e00000) (1024K)]
  0x0000026532dd4230 JavaThread "Monitor Deflation Thread"   daemon [_thread_blocked, id=12404, stack(0x000000f5d6e00000,0x000000f5d6f00000) (1024K)]
=>0x0000026532ddc380 JavaThread "C2 CompilerThread0"         daemon [_thread_in_native, id=11180, stack(0x000000f5d6f00000,0x000000f5d7000000) (1024K)]
  0x0000026532de1250 JavaThread "C1 CompilerThread0"         daemon [_thread_blocked, id=10300, stack(0x000000f5d7000000,0x000000f5d7100000) (1024K)]
  0x0000026532dd48c0 JavaThread "Common-Cleaner"             daemon [_thread_blocked, id=8472, stack(0x000000f5d7100000,0x000000f5d7200000) (1024K)]
  0x0000026532dd7020 JavaThread "Notification Thread"        daemon [_thread_blocked, id=10668, stack(0x000000f5d7200000,0x000000f5d7300000) (1024K)]
  0x0000026532dd3ba0 JavaThread "Java2D Disposer"            daemon [_thread_blocked, id=12736, stack(0x000000f5d7400000,0x000000f5d7500000) (1024K)]
  0x0000026532dd55e0 JavaThread "AWT-Shutdown"                      [_thread_blocked, id=11208, stack(0x000000f5d7500000,0x000000f5d7600000) (1024K)]
  0x0000026532dd4f50 JavaThread "AWT-Windows"                daemon [_thread_in_native, id=12328, stack(0x000000f5d7600000,0x000000f5d7700000) (1024K)]
  0x0000026532dd5c70 JavaThread "AWT-EventQueue-0"                  [_thread_in_vm, id=4496, stack(0x000000f5d7300000,0x000000f5d7400000) (1024K)]
  0x0000026532dd6300 JavaThread "DestroyJavaVM"                     [_thread_blocked, id=13964, stack(0x000000f5d6100000,0x000000f5d6200000) (1024K)]
  0x00000265789c14a0 JavaThread "C2 CompilerThread1"         daemon [_thread_in_native, id=12088, stack(0x000000f5d7700000,0x000000f5d7800000) (1024K)]
  0x0000026578a9dec0 JavaThread "TimerQueue"                 daemon [_thread_blocked, id=4248, stack(0x000000f5d7800000,0x000000f5d7900000) (1024K)]
  0x0000026578a9d830 JavaThread "Image Fetcher 0"            daemon [_thread_blocked, id=9832, stack(0x000000f5d7900000,0x000000f5d7a00000) (1024K)]
  0x0000026578a9a3b0 JavaThread "mysql-cj-abandoned-connection-cleanup" daemon [_thread_blocked, id=14120, stack(0x000000f5d7d00000,0x000000f5d7e00000) (1024K)]
  0x0000026579e6d050 JavaThread "C2 CompilerThread2"         daemon [_thread_in_native, id=1708, stack(0x000000f5d8500000,0x000000f5d8600000) (1024K)]
Total: 20

Other Threads:
  0x0000026532da9cd0 VMThread "VM Thread"                           [id=4216, stack(0x000000f5d6800000,0x000000f5d6900000) (1024K)]
  0x0000026532d988a0 WatcherThread "VM Periodic Task Thread"        [id=9808, stack(0x000000f5d6700000,0x000000f5d6800000) (1024K)]
  0x00000265161d5780 WorkerThread "GC Thread#0"                     [id=7220, stack(0x000000f5d6200000,0x000000f5d6300000) (1024K)]
  0x0000026579dc60a0 WorkerThread "GC Thread#1"                     [id=10992, stack(0x000000f5d7e00000,0x000000f5d7f00000) (1024K)]
  0x0000026579dc6450 WorkerThread "GC Thread#2"                     [id=10688, stack(0x000000f5d7f00000,0x000000f5d8000000) (1024K)]
  0x0000026579dc5cf0 WorkerThread "GC Thread#3"                     [id=14084, stack(0x000000f5d8000000,0x000000f5d8100000) (1024K)]
  0x0000026579dc6800 WorkerThread "GC Thread#4"                     [id=1448, stack(0x000000f5d8100000,0x000000f5d8200000) (1024K)]
  0x0000026579dc5590 WorkerThread "GC Thread#5"                     [id=5888, stack(0x000000f5d8200000,0x000000f5d8300000) (1024K)]
  0x0000026579dc6f60 WorkerThread "GC Thread#6"                     [id=1592, stack(0x000000f5d8300000,0x000000f5d8400000) (1024K)]
  0x0000026579dc5940 WorkerThread "GC Thread#7"                     [id=10720, stack(0x000000f5d8400000,0x000000f5d8500000) (1024K)]
  0x00000265161ea410 ConcurrentGCThread "G1 Main Marker"            [id=3568, stack(0x000000f5d6300000,0x000000f5d6400000) (1024K)]
  0x00000265161eb0d0 WorkerThread "G1 Conc#0"                       [id=5956, stack(0x000000f5d6400000,0x000000f5d6500000) (1024K)]
  0x000002651624e5b0 ConcurrentGCThread "G1 Refine#0"               [id=14300, stack(0x000000f5d6500000,0x000000f5d6600000) (1024K)]
  0x0000026532c5d290 ConcurrentGCThread "G1 Service"                [id=9716, stack(0x000000f5d6600000,0x000000f5d6700000) (1024K)]
Total: 14

Threads with active compile tasks:
C2 CompilerThread0  2074 2315       4       sun.security.util.math.intpoly.IntegerPolynomial$MutableElement::setProduct (6 bytes)
C2 CompilerThread1  2074 2341       4       sun.security.ec.ECOperations::setDouble (463 bytes)
C2 CompilerThread2  2074 2317       4       sun.security.util.math.intpoly.IntegerPolynomial$MutableElement::setProduct (118 bytes)
Total: 3

VM state: not at safepoint (normal execution)

VM Mutex/Monitor currently owned by a thread: None

Heap address: 0x0000000081800000, size: 2024 MB, Compressed Oops mode: 32-bit

CDS archive(s) mapped at: [0x0000026533000000-0x0000026533d70000-0x0000026533d70000), size 14090240, SharedBaseAddress: 0x0000026533000000, ArchiveRelocationMode: 1.
Compressed class space mapped at: 0x0000026534000000-0x0000026574000000, reserved size: 1073741824
Narrow klass base: 0x0000026533000000, Narrow klass shift: 0, Narrow klass range: 0x41000000

GC Precious Log:
 CardTable entry size: 512
 Card Set container configuration: InlinePtr #cards 5 size 8 Array Of Cards #cards 10 size 36 Howl #buckets 4 coarsen threshold 1843 Howl Bitmap #cards 512 size 80 coarsen threshold 460 Card regions per heap region 1 cards per card region 2048
 CPUs: 8 total, 8 available
 Memory: 8091M
 Large Page Support: Disabled
 NUMA Support: Disabled
 Compressed Oops: Enabled (32-bit)
 Heap Region Size: 1M
 Heap Min Capacity: 8M
 Heap Initial Capacity: 128M
 Heap Max Capacity: 2024M
 Pre-touch: Disabled
 Parallel Workers: 8
 Concurrent Workers: 2
 Concurrent Refinement Workers: 8
 Periodic GC: Disabled

Heap:
 garbage-first heap   total reserved 2072576K, committed 131072K, used 13013K [0x0000000081800000, 0x0000000100000000)
  region size 1024K, 10 young (10240K), 3 survivors (3072K)
 Metaspace       used 19754K, committed 19968K, reserved 1114112K
  class space    used 2365K, committed 2496K, reserved 1048576K

Heap Regions: E=young(eden), S=young(survivor), O=old, HS=humongous(starts), HC=humongous(continues), CS=collection set, F=free, TAMS=top-at-mark-start, PB=parsable bottom
|   0|0x0000000081800000, 0x0000000081900000, 0x0000000081900000|100%| O|  |TAMS 0x0000000081800000| PB 0x0000000081800000| Untracked |  0
|   1|0x0000000081900000, 0x0000000081a00000, 0x0000000081a00000|100%| O|  |TAMS 0x0000000081900000| PB 0x0000000081900000| Untracked |  0
|   2|0x0000000081a00000, 0x0000000081b00000, 0x0000000081b00000|100%| O|  |TAMS 0x0000000081a00000| PB 0x0000000081a00000| Untracked |  0
|   3|0x0000000081b00000, 0x0000000081bb54a0, 0x0000000081c00000| 70%| O|  |TAMS 0x0000000081b00000| PB 0x0000000081b00000| Untracked |  0
|   4|0x0000000081c00000, 0x0000000081c00000, 0x0000000081d00000|  0%| F|  |TAMS 0x0000000081c00000| PB 0x0000000081c00000| Untracked |  0
|   5|0x0000000081d00000, 0x0000000081d00000, 0x0000000081e00000|  0%| F|  |TAMS 0x0000000081d00000| PB 0x0000000081d00000| Untracked |  0
|   6|0x0000000081e00000, 0x0000000081e00000, 0x0000000081f00000|  0%| F|  |TAMS 0x0000000081e00000| PB 0x0000000081e00000| Untracked |  0
|   7|0x0000000081f00000, 0x0000000081f00000, 0x0000000082000000|  0%| F|  |TAMS 0x0000000081f00000| PB 0x0000000081f00000| Untracked |  0
|   8|0x0000000082000000, 0x0000000082000000, 0x0000000082100000|  0%| F|  |TAMS 0x0000000082000000| PB 0x0000000082000000| Untracked |  0
|   9|0x0000000082100000, 0x0000000082100000, 0x0000000082200000|  0%| F|  |TAMS 0x0000000082100000| PB 0x0000000082100000| Untracked |  0
|  10|0x0000000082200000, 0x0000000082200000, 0x0000000082300000|  0%| F|  |TAMS 0x0000000082200000| PB 0x0000000082200000| Untracked |  0
|  11|0x0000000082300000, 0x0000000082300000, 0x0000000082400000|  0%| F|  |TAMS 0x0000000082300000| PB 0x0000000082300000| Untracked |  0
|  12|0x0000000082400000, 0x0000000082400000, 0x0000000082500000|  0%| F|  |TAMS 0x0000000082400000| PB 0x0000000082400000| Untracked |  0
|  13|0x0000000082500000, 0x0000000082500000, 0x0000000082600000|  0%| F|  |TAMS 0x0000000082500000| PB 0x0000000082500000| Untracked |  0
|  14|0x0000000082600000, 0x0000000082600000, 0x0000000082700000|  0%| F|  |TAMS 0x0000000082600000| PB 0x0000000082600000| Untracked |  0
|  15|0x0000000082700000, 0x0000000082700000, 0x0000000082800000|  0%| F|  |TAMS 0x0000000082700000| PB 0x0000000082700000| Untracked |  0
|  16|0x0000000082800000, 0x0000000082800000, 0x0000000082900000|  0%| F|  |TAMS 0x0000000082800000| PB 0x0000000082800000| Untracked |  0
|  17|0x0000000082900000, 0x0000000082900000, 0x0000000082a00000|  0%| F|  |TAMS 0x0000000082900000| PB 0x0000000082900000| Untracked |  0
|  18|0x0000000082a00000, 0x0000000082a00000, 0x0000000082b00000|  0%| F|  |TAMS 0x0000000082a00000| PB 0x0000000082a00000| Untracked |  0
|  19|0x0000000082b00000, 0x0000000082b00000, 0x0000000082c00000|  0%| F|  |TAMS 0x0000000082b00000| PB 0x0000000082b00000| Untracked |  0
|  20|0x0000000082c00000, 0x0000000082c00000, 0x0000000082d00000|  0%| F|  |TAMS 0x0000000082c00000| PB 0x0000000082c00000| Untracked |  0
|  21|0x0000000082d00000, 0x0000000082d00000, 0x0000000082e00000|  0%| F|  |TAMS 0x0000000082d00000| PB 0x0000000082d00000| Untracked |  0
|  22|0x0000000082e00000, 0x0000000082e00000, 0x0000000082f00000|  0%| F|  |TAMS 0x0000000082e00000| PB 0x0000000082e00000| Untracked |  0
|  23|0x0000000082f00000, 0x0000000082f00000, 0x0000000083000000|  0%| F|  |TAMS 0x0000000082f00000| PB 0x0000000082f00000| Untracked |  0
|  24|0x0000000083000000, 0x0000000083000000, 0x0000000083100000|  0%| F|  |TAMS 0x0000000083000000| PB 0x0000000083000000| Untracked |  0
|  25|0x0000000083100000, 0x0000000083100000, 0x0000000083200000|  0%| F|  |TAMS 0x0000000083100000| PB 0x0000000083100000| Untracked |  0
|  26|0x0000000083200000, 0x0000000083200000, 0x0000000083300000|  0%| F|  |TAMS 0x0000000083200000| PB 0x0000000083200000| Untracked |  0
|  27|0x0000000083300000, 0x0000000083300000, 0x0000000083400000|  0%| F|  |TAMS 0x0000000083300000| PB 0x0000000083300000| Untracked |  0
|  28|0x0000000083400000, 0x0000000083400000, 0x0000000083500000|  0%| F|  |TAMS 0x0000000083400000| PB 0x0000000083400000| Untracked |  0
|  29|0x0000000083500000, 0x0000000083500000, 0x0000000083600000|  0%| F|  |TAMS 0x0000000083500000| PB 0x0000000083500000| Untracked |  0
|  30|0x0000000083600000, 0x0000000083600000, 0x0000000083700000|  0%| F|  |TAMS 0x0000000083600000| PB 0x0000000083600000| Untracked |  0
|  31|0x0000000083700000, 0x0000000083700000, 0x0000000083800000|  0%| F|  |TAMS 0x0000000083700000| PB 0x0000000083700000| Untracked |  0
|  32|0x0000000083800000, 0x0000000083800000, 0x0000000083900000|  0%| F|  |TAMS 0x0000000083800000| PB 0x0000000083800000| Untracked |  0
|  33|0x0000000083900000, 0x0000000083900000, 0x0000000083a00000|  0%| F|  |TAMS 0x0000000083900000| PB 0x0000000083900000| Untracked |  0
|  34|0x0000000083a00000, 0x0000000083a00000, 0x0000000083b00000|  0%| F|  |TAMS 0x0000000083a00000| PB 0x0000000083a00000| Untracked |  0
|  35|0x0000000083b00000, 0x0000000083b00000, 0x0000000083c00000|  0%| F|  |TAMS 0x0000000083b00000| PB 0x0000000083b00000| Untracked |  0
|  36|0x0000000083c00000, 0x0000000083c00000, 0x0000000083d00000|  0%| F|  |TAMS 0x0000000083c00000| PB 0x0000000083c00000| Untracked |  0
|  37|0x0000000083d00000, 0x0000000083d00000, 0x0000000083e00000|  0%| F|  |TAMS 0x0000000083d00000| PB 0x0000000083d00000| Untracked |  0
|  38|0x0000000083e00000, 0x0000000083e00000, 0x0000000083f00000|  0%| F|  |TAMS 0x0000000083e00000| PB 0x0000000083e00000| Untracked |  0
|  39|0x0000000083f00000, 0x0000000083f00000, 0x0000000084000000|  0%| F|  |TAMS 0x0000000083f00000| PB 0x0000000083f00000| Untracked |  0
|  40|0x0000000084000000, 0x0000000084000000, 0x0000000084100000|  0%| F|  |TAMS 0x0000000084000000| PB 0x0000000084000000| Untracked |  0
|  41|0x0000000084100000, 0x0000000084100000, 0x0000000084200000|  0%| F|  |TAMS 0x0000000084100000| PB 0x0000000084100000| Untracked |  0
|  42|0x0000000084200000, 0x0000000084200000, 0x0000000084300000|  0%| F|  |TAMS 0x0000000084200000| PB 0x0000000084200000| Untracked |  0
|  43|0x0000000084300000, 0x0000000084300000, 0x0000000084400000|  0%| F|  |TAMS 0x0000000084300000| PB 0x0000000084300000| Untracked |  0
|  44|0x0000000084400000, 0x0000000084400000, 0x0000000084500000|  0%| F|  |TAMS 0x0000000084400000| PB 0x0000000084400000| Untracked |  0
|  45|0x0000000084500000, 0x0000000084500000, 0x0000000084600000|  0%| F|  |TAMS 0x0000000084500000| PB 0x0000000084500000| Untracked |  0
|  46|0x0000000084600000, 0x0000000084600000, 0x0000000084700000|  0%| F|  |TAMS 0x0000000084600000| PB 0x0000000084600000| Untracked |  0
|  47|0x0000000084700000, 0x0000000084700000, 0x0000000084800000|  0%| F|  |TAMS 0x0000000084700000| PB 0x0000000084700000| Untracked |  0
|  48|0x0000000084800000, 0x0000000084800000, 0x0000000084900000|  0%| F|  |TAMS 0x0000000084800000| PB 0x0000000084800000| Untracked |  0
|  49|0x0000000084900000, 0x0000000084900000, 0x0000000084a00000|  0%| F|  |TAMS 0x0000000084900000| PB 0x0000000084900000| Untracked |  0
|  50|0x0000000084a00000, 0x0000000084a00000, 0x0000000084b00000|  0%| F|  |TAMS 0x0000000084a00000| PB 0x0000000084a00000| Untracked |  0
|  51|0x0000000084b00000, 0x0000000084b00000, 0x0000000084c00000|  0%| F|  |TAMS 0x0000000084b00000| PB 0x0000000084b00000| Untracked |  0
|  52|0x0000000084c00000, 0x0000000084c00000, 0x0000000084d00000|  0%| F|  |TAMS 0x0000000084c00000| PB 0x0000000084c00000| Untracked |  0
|  53|0x0000000084d00000, 0x0000000084d00000, 0x0000000084e00000|  0%| F|  |TAMS 0x0000000084d00000| PB 0x0000000084d00000| Untracked |  0
|  54|0x0000000084e00000, 0x0000000084e00000, 0x0000000084f00000|  0%| F|  |TAMS 0x0000000084e00000| PB 0x0000000084e00000| Untracked |  0
|  55|0x0000000084f00000, 0x0000000084f00000, 0x0000000085000000|  0%| F|  |TAMS 0x0000000084f00000| PB 0x0000000084f00000| Untracked |  0
|  56|0x0000000085000000, 0x0000000085000000, 0x0000000085100000|  0%| F|  |TAMS 0x0000000085000000| PB 0x0000000085000000| Untracked |  0
|  57|0x0000000085100000, 0x0000000085100000, 0x0000000085200000|  0%| F|  |TAMS 0x0000000085100000| PB 0x0000000085100000| Untracked |  0
|  58|0x0000000085200000, 0x0000000085200000, 0x0000000085300000|  0%| F|  |TAMS 0x0000000085200000| PB 0x0000000085200000| Untracked |  0
|  59|0x0000000085300000, 0x0000000085300000, 0x0000000085400000|  0%| F|  |TAMS 0x0000000085300000| PB 0x0000000085300000| Untracked |  0
|  60|0x0000000085400000, 0x0000000085400000, 0x0000000085500000|  0%| F|  |TAMS 0x0000000085400000| PB 0x0000000085400000| Untracked |  0
|  61|0x0000000085500000, 0x0000000085500000, 0x0000000085600000|  0%| F|  |TAMS 0x0000000085500000| PB 0x0000000085500000| Untracked |  0
|  62|0x0000000085600000, 0x0000000085600000, 0x0000000085700000|  0%| F|  |TAMS 0x0000000085600000| PB 0x0000000085600000| Untracked |  0
|  63|0x0000000085700000, 0x0000000085700000, 0x0000000085800000|  0%| F|  |TAMS 0x0000000085700000| PB 0x0000000085700000| Untracked |  0
|  64|0x0000000085800000, 0x0000000085800000, 0x0000000085900000|  0%| F|  |TAMS 0x0000000085800000| PB 0x0000000085800000| Untracked |  0
|  65|0x0000000085900000, 0x0000000085900000, 0x0000000085a00000|  0%| F|  |TAMS 0x0000000085900000| PB 0x0000000085900000| Untracked |  0
|  66|0x0000000085a00000, 0x0000000085a00000, 0x0000000085b00000|  0%| F|  |TAMS 0x0000000085a00000| PB 0x0000000085a00000| Untracked |  0
|  67|0x0000000085b00000, 0x0000000085b00000, 0x0000000085c00000|  0%| F|  |TAMS 0x0000000085b00000| PB 0x0000000085b00000| Untracked |  0
|  68|0x0000000085c00000, 0x0000000085c00000, 0x0000000085d00000|  0%| F|  |TAMS 0x0000000085c00000| PB 0x0000000085c00000| Untracked |  0
|  69|0x0000000085d00000, 0x0000000085d00000, 0x0000000085e00000|  0%| F|  |TAMS 0x0000000085d00000| PB 0x0000000085d00000| Untracked |  0
|  70|0x0000000085e00000, 0x0000000085e00000, 0x0000000085f00000|  0%| F|  |TAMS 0x0000000085e00000| PB 0x0000000085e00000| Untracked |  0
|  71|0x0000000085f00000, 0x0000000085f00000, 0x0000000086000000|  0%| F|  |TAMS 0x0000000085f00000| PB 0x0000000085f00000| Untracked |  0
|  72|0x0000000086000000, 0x0000000086000000, 0x0000000086100000|  0%| F|  |TAMS 0x0000000086000000| PB 0x0000000086000000| Untracked |  0
|  73|0x0000000086100000, 0x0000000086100000, 0x0000000086200000|  0%| F|  |TAMS 0x0000000086100000| PB 0x0000000086100000| Untracked |  0
|  74|0x0000000086200000, 0x0000000086200000, 0x0000000086300000|  0%| F|  |TAMS 0x0000000086200000| PB 0x0000000086200000| Untracked |  0
|  75|0x0000000086300000, 0x0000000086300000, 0x0000000086400000|  0%| F|  |TAMS 0x0000000086300000| PB 0x0000000086300000| Untracked |  0
|  76|0x0000000086400000, 0x0000000086400000, 0x0000000086500000|  0%| F|  |TAMS 0x0000000086400000| PB 0x0000000086400000| Untracked |  0
|  77|0x0000000086500000, 0x0000000086500000, 0x0000000086600000|  0%| F|  |TAMS 0x0000000086500000| PB 0x0000000086500000| Untracked |  0
|  78|0x0000000086600000, 0x0000000086600000, 0x0000000086700000|  0%| F|  |TAMS 0x0000000086600000| PB 0x0000000086600000| Untracked |  0
|  79|0x0000000086700000, 0x0000000086700000, 0x0000000086800000|  0%| F|  |TAMS 0x0000000086700000| PB 0x0000000086700000| Untracked |  0
|  80|0x0000000086800000, 0x0000000086800000, 0x0000000086900000|  0%| F|  |TAMS 0x0000000086800000| PB 0x0000000086800000| Untracked |  0
|  81|0x0000000086900000, 0x0000000086900000, 0x0000000086a00000|  0%| F|  |TAMS 0x0000000086900000| PB 0x0000000086900000| Untracked |  0
|  82|0x0000000086a00000, 0x0000000086a00000, 0x0000000086b00000|  0%| F|  |TAMS 0x0000000086a00000| PB 0x0000000086a00000| Untracked |  0
|  83|0x0000000086b00000, 0x0000000086b00000, 0x0000000086c00000|  0%| F|  |TAMS 0x0000000086b00000| PB 0x0000000086b00000| Untracked |  0
|  84|0x0000000086c00000, 0x0000000086c00000, 0x0000000086d00000|  0%| F|  |TAMS 0x0000000086c00000| PB 0x0000000086c00000| Untracked |  0
|  85|0x0000000086d00000, 0x0000000086d00000, 0x0000000086e00000|  0%| F|  |TAMS 0x0000000086d00000| PB 0x0000000086d00000| Untracked |  0
|  86|0x0000000086e00000, 0x0000000086e00000, 0x0000000086f00000|  0%| F|  |TAMS 0x0000000086e00000| PB 0x0000000086e00000| Untracked |  0
|  87|0x0000000086f00000, 0x0000000086f00000, 0x0000000087000000|  0%| F|  |TAMS 0x0000000086f00000| PB 0x0000000086f00000| Untracked |  0
|  88|0x0000000087000000, 0x0000000087000000, 0x0000000087100000|  0%| F|  |TAMS 0x0000000087000000| PB 0x0000000087000000| Untracked |  0
|  89|0x0000000087100000, 0x0000000087100000, 0x0000000087200000|  0%| F|  |TAMS 0x0000000087100000| PB 0x0000000087100000| Untracked |  0
|  90|0x0000000087200000, 0x0000000087200000, 0x0000000087300000|  0%| F|  |TAMS 0x0000000087200000| PB 0x0000000087200000| Untracked |  0
|  91|0x0000000087300000, 0x0000000087300000, 0x0000000087400000|  0%| F|  |TAMS 0x0000000087300000| PB 0x0000000087300000| Untracked |  0
|  92|0x0000000087400000, 0x0000000087400000, 0x0000000087500000|  0%| F|  |TAMS 0x0000000087400000| PB 0x0000000087400000| Untracked |  0
|  93|0x0000000087500000, 0x0000000087500000, 0x0000000087600000|  0%| F|  |TAMS 0x0000000087500000| PB 0x0000000087500000| Untracked |  0
|  94|0x0000000087600000, 0x0000000087600000, 0x0000000087700000|  0%| F|  |TAMS 0x0000000087600000| PB 0x0000000087600000| Untracked |  0
|  95|0x0000000087700000, 0x0000000087700000, 0x0000000087800000|  0%| F|  |TAMS 0x0000000087700000| PB 0x0000000087700000| Untracked |  0
|  96|0x0000000087800000, 0x0000000087800000, 0x0000000087900000|  0%| F|  |TAMS 0x0000000087800000| PB 0x0000000087800000| Untracked |  0
|  97|0x0000000087900000, 0x0000000087900000, 0x0000000087a00000|  0%| F|  |TAMS 0x0000000087900000| PB 0x0000000087900000| Untracked |  0
|  98|0x0000000087a00000, 0x0000000087a00000, 0x0000000087b00000|  0%| F|  |TAMS 0x0000000087a00000| PB 0x0000000087a00000| Untracked |  0
|  99|0x0000000087b00000, 0x0000000087b00000, 0x0000000087c00000|  0%| F|  |TAMS 0x0000000087b00000| PB 0x0000000087b00000| Untracked |  0
| 100|0x0000000087c00000, 0x0000000087c00000, 0x0000000087d00000|  0%| F|  |TAMS 0x0000000087c00000| PB 0x0000000087c00000| Untracked |  0
| 101|0x0000000087d00000, 0x0000000087e00000, 0x0000000087e00000|100%| S|CS|TAMS 0x0000000087d00000| PB 0x0000000087d00000| Complete |  0
| 102|0x0000000087e00000, 0x0000000087f00000, 0x0000000087f00000|100%| S|CS|TAMS 0x0000000087e00000| PB 0x0000000087e00000| Complete |  0
| 103|0x0000000087f00000, 0x0000000088000000, 0x0000000088000000|100%| S|CS|TAMS 0x0000000087f00000| PB 0x0000000087f00000| Complete |  0
| 104|0x0000000088000000, 0x0000000088000000, 0x0000000088100000|  0%| F|  |TAMS 0x0000000088000000| PB 0x0000000088000000| Untracked |  0
| 105|0x0000000088100000, 0x0000000088100000, 0x0000000088200000|  0%| F|  |TAMS 0x0000000088100000| PB 0x0000000088100000| Untracked |  0
| 106|0x0000000088200000, 0x0000000088200000, 0x0000000088300000|  0%| F|  |TAMS 0x0000000088200000| PB 0x0000000088200000| Untracked |  0
| 107|0x0000000088300000, 0x0000000088300000, 0x0000000088400000|  0%| F|  |TAMS 0x0000000088300000| PB 0x0000000088300000| Untracked |  0
| 108|0x0000000088400000, 0x0000000088400000, 0x0000000088500000|  0%| F|  |TAMS 0x0000000088400000| PB 0x0000000088400000| Untracked |  0
| 109|0x0000000088500000, 0x0000000088500000, 0x0000000088600000|  0%| F|  |TAMS 0x0000000088500000| PB 0x0000000088500000| Untracked |  0
| 110|0x0000000088600000, 0x0000000088600000, 0x0000000088700000|  0%| F|  |TAMS 0x0000000088600000| PB 0x0000000088600000| Untracked |  0
| 111|0x0000000088700000, 0x0000000088700000, 0x0000000088800000|  0%| F|  |TAMS 0x0000000088700000| PB 0x0000000088700000| Untracked |  0
| 112|0x0000000088800000, 0x0000000088800000, 0x0000000088900000|  0%| F|  |TAMS 0x0000000088800000| PB 0x0000000088800000| Untracked |  0
| 113|0x0000000088900000, 0x0000000088900000, 0x0000000088a00000|  0%| F|  |TAMS 0x0000000088900000| PB 0x0000000088900000| Untracked |  0
| 114|0x0000000088a00000, 0x0000000088a00000, 0x0000000088b00000|  0%| F|  |TAMS 0x0000000088a00000| PB 0x0000000088a00000| Untracked |  0
| 115|0x0000000088b00000, 0x0000000088b00000, 0x0000000088c00000|  0%| F|  |TAMS 0x0000000088b00000| PB 0x0000000088b00000| Untracked |  0
| 116|0x0000000088c00000, 0x0000000088c00000, 0x0000000088d00000|  0%| F|  |TAMS 0x0000000088c00000| PB 0x0000000088c00000| Untracked |  0
| 117|0x0000000088d00000, 0x0000000088d00000, 0x0000000088e00000|  0%| F|  |TAMS 0x0000000088d00000| PB 0x0000000088d00000| Untracked |  0
| 118|0x0000000088e00000, 0x0000000088e00000, 0x0000000088f00000|  0%| F|  |TAMS 0x0000000088e00000| PB 0x0000000088e00000| Untracked |  0
| 119|0x0000000088f00000, 0x0000000088f00000, 0x0000000089000000|  0%| F|  |TAMS 0x0000000088f00000| PB 0x0000000088f00000| Untracked |  0
| 120|0x0000000089000000, 0x0000000089000000, 0x0000000089100000|  0%| F|  |TAMS 0x0000000089000000| PB 0x0000000089000000| Untracked |  0
| 121|0x0000000089100000, 0x0000000089200000, 0x0000000089200000|100%| E|  |TAMS 0x0000000089100000| PB 0x0000000089100000| Complete |  0
| 122|0x0000000089200000, 0x0000000089300000, 0x0000000089300000|100%| E|CS|TAMS 0x0000000089200000| PB 0x0000000089200000| Complete |  0
| 123|0x0000000089300000, 0x0000000089400000, 0x0000000089400000|100%| E|CS|TAMS 0x0000000089300000| PB 0x0000000089300000| Complete |  0
| 124|0x0000000089400000, 0x0000000089500000, 0x0000000089500000|100%| E|CS|TAMS 0x0000000089400000| PB 0x0000000089400000| Complete |  0
| 125|0x0000000089500000, 0x0000000089600000, 0x0000000089600000|100%| E|CS|TAMS 0x0000000089500000| PB 0x0000000089500000| Complete |  0
| 126|0x0000000089600000, 0x0000000089700000, 0x0000000089700000|100%| E|CS|TAMS 0x0000000089600000| PB 0x0000000089600000| Complete |  0
| 127|0x0000000089700000, 0x0000000089800000, 0x0000000089800000|100%| E|CS|TAMS 0x0000000089700000| PB 0x0000000089700000| Complete |  0

Card table byte_map: [0x000002652e000000,0x000002652e400000] _byte_map_base: 0x000002652dbf4000

Marking Bits: (CMBitMap*) 0x00000265161d5e90
 Bits: [0x000002652e400000, 0x00000265303a0000)

Polling page: 0x0000026514190000

Metaspace:

Usage:
  Non-class:     16.98 MB used.
      Class:      2.31 MB used.
       Both:     19.29 MB used.

Virtual space:
  Non-class space:       64.00 MB reserved,      17.06 MB ( 27%) committed,  1 nodes.
      Class space:        1.00 GB reserved,       2.44 MB ( <1%) committed,  1 nodes.
             Both:        1.06 GB reserved,      19.50 MB (  2%) committed. 

Chunk freelists:
   Non-Class:  14.00 MB
       Class:  13.60 MB
        Both:  27.60 MB

MaxMetaspaceSize: unlimited
CompressedClassSpaceSize: 1.00 GB
Initial GC threshold: 21.00 MB
Current GC threshold: 21.00 MB
CDS: on
 - commit_granule_bytes: 65536.
 - commit_granule_words: 8192.
 - virtual_space_node_default_size: 8388608.
 - enlarge_chunks_in_place: 1.
 - use_allocation_guard: 0.


Internal statistics:

num_allocs_failed_limit: 0.
num_arena_births: 198.
num_arena_deaths: 0.
num_vsnodes_births: 2.
num_vsnodes_deaths: 0.
num_space_committed: 312.
num_space_uncommitted: 0.
num_chunks_returned_to_freelist: 0.
num_chunks_taken_from_freelist: 388.
num_chunk_merges: 0.
num_chunk_splits: 243.
num_chunks_enlarged: 137.
num_inconsistent_stats: 0.

CodeHeap 'non-profiled nmethods': size=120064Kb used=726Kb max_used=726Kb free=119337Kb
 bounds [0x0000026526390000, 0x0000026526600000, 0x000002652d8d0000]
CodeHeap 'profiled nmethods': size=120000Kb used=3252Kb max_used=3252Kb free=116747Kb
 bounds [0x000002651e8d0000, 0x000002651ec00000, 0x0000026525e00000]
CodeHeap 'non-nmethods': size=5696Kb used=1701Kb max_used=1721Kb free=3994Kb
 bounds [0x0000026525e00000, 0x0000026526070000, 0x0000026526390000]
CodeCache: size=245760Kb, used=5679Kb, max_used=5699Kb, free=240078Kb
 total_blobs=3119, nmethods=2365, adapters=659, full_count=0
Compilation: enabled, stopped_count=0, restarted_count=0

Compilation events (20 events):
Event: 1.983 Thread 0x0000026532de1250 2330       3       sun.security.util.math.intpoly.IntegerPolynomial$MutableElement::setAdditiveInverse (42 bytes)
Event: 1.983 Thread 0x0000026532de1250 nmethod 2330 0x000002651ebec288 code [0x000002651ebec3a0, 0x000002651ebec578]
Event: 1.984 Thread 0x0000026532ddc380 nmethod 2320 0x0000026526440f08 code [0x0000026526441020, 0x0000026526441240]
Event: 1.984 Thread 0x0000026532de1250 2327       3       sun.security.ec.ECOperations$DefaultMultiplier::double4 (32 bytes)
Event: 1.984 Thread 0x0000026532ddc380 2315       4       sun.security.util.math.intpoly.IntegerPolynomial$MutableElement::setProduct (6 bytes)
Event: 1.984 Thread 0x0000026532de1250 nmethod 2327 0x000002651ebec588 code [0x000002651ebec6c0, 0x000002651ebec928]
Event: 1.984 Thread 0x0000026532de1250 2328       3       sun.security.ec.ECOperations::setSum (685 bytes)
Event: 1.987 Thread 0x0000026532de1250 nmethod 2328 0x000002651ebec988 code [0x000002651ebed280, 0x000002651ebf37a0]
Event: 1.989 Thread 0x0000026532de1250 2329       3       sun.security.util.math.intpoly.IntegerPolynomial$MutableElement::setAdditiveInverse (5 bytes)
Event: 1.990 Thread 0x0000026532de1250 nmethod 2329 0x000002651ebf3888 code [0x000002651ebf39a0, 0x000002651ebf3ae0]
Event: 1.990 Thread 0x0000026532de1250 2331       3       sun.security.util.math.intpoly.IntegerPolynomial$Element::<init> (20 bytes)
Event: 1.990 Thread 0x0000026532de1250 nmethod 2331 0x000002651ebf3b88 code [0x000002651ebf3ca0, 0x000002651ebf3ec8]
Event: 1.990 Thread 0x0000026532de1250 2332       3       sun.security.util.math.intpoly.IntegerPolynomial$ImmutableElement::<init> (8 bytes)
Event: 1.991 Thread 0x0000026532de1250 nmethod 2332 0x000002651ebf3f08 code [0x000002651ebf4040, 0x000002651ebf42c0]
Event: 1.991 Thread 0x0000026579e6d050 nmethod 2326% 0x0000026526441288 code [0x00000265264413a0, 0x00000265264416b8]
Event: 1.991 Thread 0x0000026579e6d050 2317       4       sun.security.util.math.intpoly.IntegerPolynomial$MutableElement::setProduct (118 bytes)
Event: 1.993 Thread 0x0000026532de1250 2334       3       sun.security.util.math.intpoly.IntegerPolynomial$Element::mutable (5 bytes)
Event: 1.993 Thread 0x0000026532de1250 nmethod 2334 0x000002651ebf4308 code [0x000002651ebf4420, 0x000002651ebf45e0]
Event: 1.993 Thread 0x0000026532de1250 2335       3       sun.security.util.math.intpoly.IntegerPolynomial$Element::mutable (26 bytes)
Event: 1.993 Thread 0x0000026532de1250 nmethod 2335 0x000002651ebf4608 code [0x000002651ebf4740, 0x000002651ebf4c08]

GC Heap History (2 events):
Event: 1.585 GC heap before
{Heap before GC invocations=0 (full 0):
 garbage-first heap   total reserved 2072576K, committed 131072K, used 23552K [0x0000000081800000, 0x0000000100000000)
  region size 1024K, 24 young (24576K), 0 survivors (0K)
 Metaspace       used 13830K, committed 14080K, reserved 1114112K
  class space    used 1649K, committed 1792K, reserved 1048576K
}
Event: 1.592 GC heap after
{Heap after GC invocations=1 (full 0):
 garbage-first heap   total reserved 2072576K, committed 131072K, used 6869K [0x0000000081800000, 0x0000000100000000)
  region size 1024K, 3 young (3072K), 3 survivors (3072K)
 Metaspace       used 13830K, committed 14080K, reserved 1114112K
  class space    used 1649K, committed 1792K, reserved 1048576K
}

Dll operation events (12 events):
Event: 0.008 Loaded shared library C:\Program Files\Java\jdk-23\bin\java.dll
Event: 0.047 Loaded shared library C:\Program Files\Java\jdk-23\bin\jsvml.dll
Event: 0.091 Loaded shared library C:\Program Files\Java\jdk-23\bin\net.dll
Event: 0.093 Loaded shared library C:\Program Files\Java\jdk-23\bin\nio.dll
Event: 0.129 Loaded shared library C:\Program Files\Java\jdk-23\bin\zip.dll
Event: 0.176 Loaded shared library C:\Program Files\Java\jdk-23\bin\jimage.dll
Event: 0.197 Loaded shared library C:\Program Files\Java\jdk-23\bin\awt.dll
Event: 0.522 Loaded shared library C:\Program Files\Java\jdk-23\bin\freetype.dll
Event: 0.525 Loaded shared library C:\Program Files\Java\jdk-23\bin\fontmanager.dll
Event: 0.791 Loaded shared library C:\Program Files\Java\jdk-23\bin\verify.dll
Event: 1.630 Loaded shared library C:\Program Files\Java\jdk-23\bin\extnet.dll
Event: 1.899 Loaded shared library C:\Program Files\Java\jdk-23\bin\sunmscapi.dll

Deoptimization events (20 events):
Event: 1.792 Thread 0x0000026532dd5c70 Uncommon trap: trap_request=0xffffffde fr.pc=0x000002652642b050 relative=0x0000000000000470
Event: 1.792 Thread 0x0000026532dd5c70 Uncommon trap: reason=class_check action=maybe_recompile pc=0x000002652642b050 method=java.util.regex.Pattern$Start.match(Ljava/util/regex/Matcher;ILjava/lang/CharSequence;)Z @ 44 c2
Event: 1.792 Thread 0x0000026532dd5c70 DEOPT PACKING pc=0x000002652642b050 sp=0x000000f5d73fc570
Event: 1.792 Thread 0x0000026532dd5c70 DEOPT UNPACKING pc=0x0000026525e54402 sp=0x000000f5d73fc520 mode 2
Event: 1.861 Thread 0x0000026532dd5c70 Uncommon trap: trap_request=0xffffff45 fr.pc=0x0000026526403c98 relative=0x0000000000000438
Event: 1.861 Thread 0x0000026532dd5c70 Uncommon trap: reason=unstable_if action=reinterpret pc=0x0000026526403c98 method=java.io.WinNTFileSystem.normalize(Ljava/lang/String;)Ljava/lang/String; @ 133 c2
Event: 1.861 Thread 0x0000026532dd5c70 DEOPT PACKING pc=0x0000026526403c98 sp=0x000000f5d73fd440
Event: 1.861 Thread 0x0000026532dd5c70 DEOPT UNPACKING pc=0x0000026525e54402 sp=0x000000f5d73fd3b8 mode 2
Event: 1.862 Thread 0x0000026532dd5c70 DEOPT PACKING pc=0x000002651eb4d3de sp=0x000000f5d73fd330
Event: 1.862 Thread 0x0000026532dd5c70 DEOPT UNPACKING pc=0x0000026525e54b22 sp=0x000000f5d73fc768 mode 0
Event: 1.919 Thread 0x0000026532dd5c70 Uncommon trap: trap_request=0xffffff6e fr.pc=0x0000026526437d1c relative=0x000000000000063c
Event: 1.919 Thread 0x0000026532dd5c70 Uncommon trap: reason=loop_limit_check action=maybe_recompile pc=0x0000026526437d1c method=java.util.regex.Pattern$Start.match(Ljava/util/regex/Matcher;ILjava/lang/CharSequence;)Z @ 34 c2
Event: 1.919 Thread 0x0000026532dd5c70 DEOPT PACKING pc=0x0000026526437d1c sp=0x000000f5d73fdd30
Event: 1.919 Thread 0x0000026532dd5c70 DEOPT UNPACKING pc=0x0000026525e54402 sp=0x000000f5d73fdcf0 mode 2
Event: 1.992 Thread 0x0000026532dd5c70 DEOPT PACKING pc=0x000002651ebec1ac sp=0x000000f5d73fcf30
Event: 1.992 Thread 0x0000026532dd5c70 DEOPT UNPACKING pc=0x0000026525e54b22 sp=0x000000f5d73fc358 mode 0
Event: 1.994 Thread 0x0000026532dd5c70 DEOPT PACKING pc=0x000002651ebec1ac sp=0x000000f5d73fcf30
Event: 1.994 Thread 0x0000026532dd5c70 DEOPT UNPACKING pc=0x0000026525e54b22 sp=0x000000f5d73fc358 mode 0
Event: 1.996 Thread 0x0000026532dd5c70 DEOPT PACKING pc=0x000002651ebec1ac sp=0x000000f5d73fcf30
Event: 1.996 Thread 0x0000026532dd5c70 DEOPT UNPACKING pc=0x0000026525e54b22 sp=0x000000f5d73fc358 mode 0

Classes loaded (20 events):
Event: 1.956 Loading class sun/security/util/math/intpoly/P521OrderField
Event: 1.956 Loading class sun/security/util/math/intpoly/P521OrderField done
Event: 1.957 Loading class sun/security/ec/ECPrivateKeyImpl
Event: 1.957 Loading class java/security/interfaces/ECPrivateKey
Event: 1.957 Loading class java/security/interfaces/ECKey
Event: 1.957 Loading class java/security/interfaces/ECKey done
Event: 1.957 Loading class java/security/interfaces/ECPrivateKey done
Event: 1.957 Loading class sun/security/ec/ECPrivateKeyImpl done
Event: 1.957 Loading class sun/security/util/ArrayUtil
Event: 1.957 Loading class sun/security/util/ArrayUtil done
Event: 1.958 Loading class sun/security/ec/ECOperations$Secp256R1GeneratorMontgomeryMultiplier
Event: 1.958 Loading class sun/security/ec/ECOperations$PointMultiplier
Event: 1.958 Loading class sun/security/ec/ECOperations$PointMultiplier done
Event: 1.958 Loading class sun/security/ec/ECOperations$Secp256R1GeneratorMontgomeryMultiplier done
Event: 1.958 Loading class sun/security/ec/ECOperations$DefaultMultiplier
Event: 1.958 Loading class sun/security/ec/ECOperations$DefaultMultiplier done
Event: 1.958 Loading class sun/security/ec/point/ProjectivePoint$Mutable
Event: 1.958 Loading class sun/security/ec/point/MutablePoint
Event: 1.958 Loading class sun/security/ec/point/MutablePoint done
Event: 1.958 Loading class sun/security/ec/point/ProjectivePoint$Mutable done

Classes unloaded (0 events):
No events

Classes redefined (0 events):
No events

Internal exceptions (20 events):
Event: 0.623 Thread 0x000002651617d3b0 Exception <a 'java/lang/ClassNotFoundException'{0x0000000089009180}: TreeCell> (0x0000000089009180) 
thrown [s\open\src\hotspot\share\classfile\systemDictionary.cpp, line 313]
Event: 0.624 Thread 0x000002651617d3b0 Exception <a 'java/lang/ClassNotFoundException'{0x0000000089009938}: RootPane> (0x0000000089009938) 
thrown [s\open\src\hotspot\share\classfile\systemDictionary.cpp, line 313]
Event: 0.627 Thread 0x000002651617d3b0 Exception <a 'java/lang/ClassNotFoundException'{0x000000008900c798}: com/sun/swing/internal/plaf/metal/resources/spi/metalProvider> (0x000000008900c798) 
thrown [s\open\src\hotspot\share\classfile\systemDictionary.cpp, line 313]
Event: 0.629 Thread 0x000002651617d3b0 Exception <a 'java/lang/ClassNotFoundException'{0x00000000890104a8}: com/sun/swing/internal/plaf/basic/resources/spi/basicProvider> (0x00000000890104a8) 
thrown [s\open\src\hotspot\share\classfile\systemDictionary.cpp, line 313]
Event: 0.660 Thread 0x0000026532dd5c70 Exception <a 'java/lang/ClassNotFoundException'{0x00000000890934e8}: com/sun/swing/internal/plaf/synth/resources/spi/synthProvider> (0x00000000890934e8) 
thrown [s\open\src\hotspot\share\classfile\systemDictionary.cpp, line 313]
Event: 0.678 Thread 0x0000026532dd5c70 Exception <a 'java/lang/NoSuchMethodError'{0x00000000890d6b18}: 'int java.lang.invoke.Invokers$Holder.invokeExact_MT(java.lang.Object, java.lang.Object)'> (0x00000000890d6b18) 
thrown [s\open\src\hotspot\share\interpreter\linkResolver.cpp, line 796]
Event: 0.691 Thread 0x0000026532dd5c70 Exception <a 'java/lang/NoSuchMethodError'{0x00000000890e7a80}: 'java.lang.Object java.lang.invoke.DirectMethodHandle$Holder.newInvokeSpecial(java.lang.Object, java.lang.Object, int)'> (0x00000000890e7a80) 
thrown [s\open\src\hotspot\share\interpreter\linkResolver.cpp, line 796]
Event: 0.693 Thread 0x0000026532dd5c70 Exception <a 'java/lang/NoSuchMethodError'{0x0000000088f06320}: 'java.lang.Object java.lang.invoke.DirectMethodHandle$Holder.invokeStatic(java.lang.Object, java.lang.Object, java.lang.Object, java.lang.Object, int)'> (0x0000000088f06320) 
thrown [s\open\src\hotspot\share\interpreter\linkResolver.cpp, line 796]
Event: 0.694 Thread 0x0000026532dd5c70 Exception <a 'java/lang/NoSuchMethodError'{0x0000000088f0e948}: 'int java.lang.invoke.DirectMethodHandle$Holder.invokeSpecial(java.lang.Object, java.lang.Object, java.lang.Object)'> (0x0000000088f0e948) 
thrown [s\open\src\hotspot\share\interpreter\linkResolver.cpp, line 796]
Event: 0.979 Thread 0x0000026578a9d830 Exception <a 'java/lang/NoSuchMethodError'{0x0000000088a0a9b8}: 'java.lang.Object java.lang.invoke.DirectMethodHandle$Holder.newInvokeSpecial(java.lang.Object, java.lang.Object, java.lang.Object, int, int, int, int, int)'> (0x0000000088a0a9b8) 
thrown [s\open\src\hotspot\share\interpreter\linkResolver.cpp, line 796]
Event: 1.089 Thread 0x0000026532dd4f50 Exception <a 'java/lang/NoSuchMethodError'{0x0000000088afb1b0}: 'void java.lang.invoke.DirectMethodHandle$Holder.invokeVirtual(java.lang.Object, java.lang.Object)'> (0x0000000088afb1b0) 
thrown [s\open\src\hotspot\share\interpreter\linkResolver.cpp, line 796]
Event: 1.105 Thread 0x0000026532dd5c70 Exception <a 'java/lang/NoSuchMethodError'{0x0000000088ad2360}: 'void java.lang.invoke.DirectMethodHandle$Holder.invokeStaticInit(java.lang.Object)'> (0x0000000088ad2360) 
thrown [s\open\src\hotspot\share\interpreter\linkResolver.cpp, line 796]
Event: 1.425 Thread 0x0000026578a9d830 Exception <a 'java/io/FileNotFoundException'{0x0000000088a16978}> (0x0000000088a16978) 
thrown [s\open\src\hotspot\share\prims\jni.cpp, line 520]
Event: 1.436 Thread 0x0000026532dd5c70 Exception <a 'java/lang/NoSuchMethodError'{0x00000000884e3d48}: 'void java.lang.invoke.DirectMethodHandle$Holder.invokeStatic(java.lang.Object, java.lang.Object)'> (0x00000000884e3d48) 
thrown [s\open\src\hotspot\share\interpreter\linkResolver.cpp, line 796]
Event: 1.479 Thread 0x0000026532dd5c70 Exception <a 'java/lang/NoSuchMethodError'{0x00000000883a8f18}: 'java.lang.Object java.lang.invoke.DirectMethodHandle$Holder.invokeInterface(java.lang.Object, java.lang.Object)'> (0x00000000883a8f18) 
thrown [s\open\src\hotspot\share\interpreter\linkResolver.cpp, line 796]
Event: 1.507 Thread 0x0000026532dd5c70 Exception <a 'java/lang/NoSuchMethodError'{0x0000000088236000}: 'java.lang.Object java.lang.invoke.DirectMethodHandle$Holder.invokeVirtual(java.lang.Object, java.lang.Object, java.lang.Object)'> (0x0000000088236000) 
thrown [s\open\src\hotspot\share\interpreter\linkResolver.cpp, line 796]
Event: 1.730 Thread 0x0000026532dd5c70 Exception <a 'java/lang/NoSuchMethodError'{0x00000000894bcd10}: 'void java.lang.invoke.DirectMethodHandle$Holder.invokeStaticInit(java.lang.Object, java.lang.Object)'> (0x00000000894bcd10) 
thrown [s\open\src\hotspot\share\interpreter\linkResolver.cpp, line 796]
Event: 1.803 Thread 0x0000026532dd5c70 Exception <a 'sun/nio/fs/WindowsException'{0x00000000893ed358}> (0x00000000893ed358) 
thrown [s\open\src\hotspot\share\prims\jni.cpp, line 520]
Event: 1.853 Thread 0x0000026532dd5c70 Exception <a 'java/lang/NoSuchMethodError'{0x0000000089293cb8}: 'java.lang.Object java.lang.invoke.DirectMethodHandle$Holder.invokeStaticInit(java.lang.Object, int, int, int, int)'> (0x0000000089293cb8) 
thrown [s\open\src\hotspot\share\interpreter\linkResolver.cpp, line 796]
Event: 1.868 Thread 0x0000026532dd5c70 Exception <a 'java/lang/NoSuchMethodError'{0x00000000892f3e38}: 'java.lang.Object java.lang.invoke.DirectMethodHandle$Holder.invokeStaticInit(java.lang.Object, java.lang.Object, int, int, int, int)'> (0x00000000892f3e38) 
thrown [s\open\src\hotspot\share\interpreter\linkResolver.cpp, line 796]

VM Operations (20 events):
Event: 0.976 Executing VM operation: HandshakeAllThreads (Deoptimize)
Event: 0.976 Executing VM operation: HandshakeAllThreads (Deoptimize) done
Event: 1.083 Executing VM operation: HandshakeAllThreads (Deoptimize)
Event: 1.083 Executing VM operation: HandshakeAllThreads (Deoptimize) done
Event: 1.093 Executing VM operation: HandshakeAllThreads (Deoptimize)
Event: 1.093 Executing VM operation: HandshakeAllThreads (Deoptimize) done
Event: 1.452 Executing VM operation: HandshakeAllThreads (Deoptimize)
Event: 1.452 Executing VM operation: HandshakeAllThreads (Deoptimize) done
Event: 1.585 Executing VM operation: G1CollectForAllocation (G1 Evacuation Pause)
Event: 1.592 Executing VM operation: G1CollectForAllocation (G1 Evacuation Pause) done
Event: 1.702 Executing VM operation: HandshakeAllThreads (Deoptimize)
Event: 1.702 Executing VM operation: HandshakeAllThreads (Deoptimize) done
Event: 1.740 Executing VM operation: HandshakeAllThreads (Deoptimize)
Event: 1.740 Executing VM operation: HandshakeAllThreads (Deoptimize) done
Event: 1.786 Executing VM operation: HandshakeAllThreads (Deoptimize)
Event: 1.786 Executing VM operation: HandshakeAllThreads (Deoptimize) done
Event: 1.806 Executing VM operation: HandshakeAllThreads (Deoptimize)
Event: 1.807 Executing VM operation: HandshakeAllThreads (Deoptimize) done
Event: 1.811 Executing VM operation: HandshakeAllThreads (Deoptimize)
Event: 1.811 Executing VM operation: HandshakeAllThreads (Deoptimize) done

Memory protections (0 events):
No events

Nmethod flushes (0 events):
No events

Events (20 events):
Event: 0.043 Thread 0x000002651617d3b0 Thread added: 0x0000026532dca8d0
Event: 0.044 Thread 0x000002651617d3b0 Thread added: 0x0000026532dd6990
Event: 0.044 Thread 0x000002651617d3b0 Thread added: 0x0000026532dd4230
Event: 0.044 Thread 0x000002651617d3b0 Thread added: 0x0000026532ddc380
Event: 0.044 Thread 0x000002651617d3b0 Thread added: 0x0000026532de1250
Event: 0.077 Thread 0x000002651617d3b0 Thread added: 0x0000026532dd48c0
Event: 0.118 Thread 0x000002651617d3b0 Thread added: 0x0000026532dd7020
Event: 0.123 Thread 0x0000026532de1250 Thread added: 0x0000026578222d20
Event: 0.302 Thread 0x000002651617d3b0 Thread added: 0x0000026532dd3ba0
Event: 0.305 Thread 0x000002651617d3b0 Thread added: 0x0000026532dd55e0
Event: 0.310 Thread 0x000002651617d3b0 Thread added: 0x0000026532dd4f50
Event: 0.326 Thread 0x0000026578222d20 Thread exited: 0x0000026578222d20
Event: 0.647 Thread 0x000002651617d3b0 Thread added: 0x0000026532dd5c70
Event: 0.648 Thread 0x000002651617d3b0 Thread exited: 0x000002651617d3b0
Event: 0.648 Thread 0x0000026532dd6300 Thread added: 0x0000026532dd6300
Event: 0.861 Thread 0x0000026532de1250 Thread added: 0x00000265789c14a0
Event: 0.887 Thread 0x0000026532dd5c70 Thread added: 0x0000026578a9dec0
Event: 0.974 Thread 0x0000026532dd5c70 Thread added: 0x0000026578a9d830
Event: 1.437 Thread 0x0000026532dd5c70 Thread added: 0x0000026578a9a3b0
Event: 1.974 Thread 0x0000026532de1250 Thread added: 0x0000026579e6d050


Dynamic libraries:
0x00007ff7c29c0000 - 0x00007ff7c29d0000 	C:\Program Files\Java\jdk-23\bin\java.exe
0x00007ff987070000 - 0x00007ff987268000 	C:\Windows\SYSTEM32\ntdll.dll
0x00007ff9866a0000 - 0x00007ff986762000 	C:\Windows\System32\KERNEL32.DLL
0x00007ff984980000 - 0x00007ff984c76000 	C:\Windows\System32\KERNELBASE.dll
0x00007ff984f10000 - 0x00007ff985010000 	C:\Windows\System32\ucrtbase.dll
0x00007ff96f8c0000 - 0x00007ff96f8d7000 	C:\Program Files\Java\jdk-23\bin\jli.dll
0x00007ff980da0000 - 0x00007ff980dbb000 	C:\Program Files\Java\jdk-23\bin\VCRUNTIME140.dll
0x00007ff985350000 - 0x00007ff9854ed000 	C:\Windows\System32\USER32.dll
0x00007ff96d590000 - 0x00007ff96d82a000 	C:\Windows\WinSxS\amd64_microsoft.windows.common-controls_6595b64144ccf1df_6.0.19041.4355_none_60b8b9eb71f62e16\COMCTL32.dll
0x00007ff984c80000 - 0x00007ff984ca2000 	C:\Windows\System32\win32u.dll
0x00007ff986d30000 - 0x00007ff986dce000 	C:\Windows\System32\msvcrt.dll
0x00007ff9855d0000 - 0x00007ff9855fb000 	C:\Windows\System32\GDI32.dll
0x00007ff984cb0000 - 0x00007ff984dca000 	C:\Windows\System32\gdi32full.dll
0x00007ff984860000 - 0x00007ff9848fd000 	C:\Windows\System32\msvcp_win.dll
0x00007ff986770000 - 0x00007ff98679f000 	C:\Windows\System32\IMM32.DLL
0x00007ff97d760000 - 0x00007ff97d76c000 	C:\Program Files\Java\jdk-23\bin\vcruntime140_1.dll
0x00007ff969db0000 - 0x00007ff969e3e000 	C:\Program Files\Java\jdk-23\bin\msvcp140.dll
0x00007ff94d700000 - 0x00007ff94e450000 	C:\Program Files\Java\jdk-23\bin\server\jvm.dll
0x00007ff985090000 - 0x00007ff98513f000 	C:\Windows\System32\ADVAPI32.dll
0x00007ff9864c0000 - 0x00007ff98655f000 	C:\Windows\System32\sechost.dll
0x00007ff986f00000 - 0x00007ff987023000 	C:\Windows\System32\RPCRT4.dll
0x00007ff985060000 - 0x00007ff985087000 	C:\Windows\System32\bcrypt.dll
0x00007ff985ce0000 - 0x00007ff985d4b000 	C:\Windows\System32\WS2_32.dll
0x00007ff983c40000 - 0x00007ff983c8b000 	C:\Windows\SYSTEM32\POWRPROF.dll
0x00007ff980e00000 - 0x00007ff980e27000 	C:\Windows\SYSTEM32\WINMM.dll
0x00007ff97be70000 - 0x00007ff97be7a000 	C:\Windows\SYSTEM32\VERSION.dll
0x00007ff983b00000 - 0x00007ff983b12000 	C:\Windows\SYSTEM32\UMPDC.dll
0x00007ff982f70000 - 0x00007ff982f82000 	C:\Windows\SYSTEM32\kernel.appcore.dll
0x00007ff97d730000 - 0x00007ff97d73a000 	C:\Program Files\Java\jdk-23\bin\jimage.dll
0x00007ff982850000 - 0x00007ff982a34000 	C:\Windows\SYSTEM32\DBGHELP.DLL
0x00007ff96ef40000 - 0x00007ff96ef74000 	C:\Windows\SYSTEM32\dbgcore.DLL
0x00007ff984dd0000 - 0x00007ff984e52000 	C:\Windows\System32\bcryptPrimitives.dll
0x00007ff96d570000 - 0x00007ff96d58e000 	C:\Program Files\Java\jdk-23\bin\java.dll
0x00007ff986570000 - 0x00007ff98669b000 	C:\Windows\System32\ole32.dll
0x00007ff985730000 - 0x00007ff985a85000 	C:\Windows\System32\combase.dll
0x00007ff985d50000 - 0x00007ff9864bf000 	C:\Windows\System32\SHELL32.dll
0x00007ff97f030000 - 0x00007ff97f7d3000 	C:\Windows\SYSTEM32\windows.storage.dll
0x00007ff984130000 - 0x00007ff98415b000 	C:\Windows\SYSTEM32\Wldp.dll
0x00007ff985ba0000 - 0x00007ff985c6d000 	C:\Windows\System32\OLEAUT32.dll
0x00007ff986c80000 - 0x00007ff986d2d000 	C:\Windows\System32\SHCORE.dll
0x00007ff985c70000 - 0x00007ff985cc5000 	C:\Windows\System32\shlwapi.dll
0x00007ff984630000 - 0x00007ff984655000 	C:\Windows\SYSTEM32\profapi.dll
0x00007ff94d620000 - 0x00007ff94d6f7000 	C:\Program Files\Java\jdk-23\bin\jsvml.dll
0x00007ff970080000 - 0x00007ff970090000 	C:\Program Files\Java\jdk-23\bin\net.dll
0x00007ff983e90000 - 0x00007ff983efc000 	C:\Windows\system32\mswsock.dll
0x00007ff96d550000 - 0x00007ff96d566000 	C:\Program Files\Java\jdk-23\bin\nio.dll
0x00007ff96c560000 - 0x00007ff96c577000 	C:\Program Files\Java\jdk-23\bin\zip.dll
0x00007ff94d490000 - 0x00007ff94d61e000 	C:\Program Files\Java\jdk-23\bin\awt.dll
0x00007ff9807e0000 - 0x00007ff980874000 	C:\Windows\SYSTEM32\apphelp.dll
0x00007ff9823e0000 - 0x00007ff98247e000 	C:\Windows\system32\uxtheme.dll
0x00007ff985600000 - 0x00007ff985715000 	C:\Windows\System32\MSCTF.dll
0x00007ff982b10000 - 0x00007ff982b3f000 	C:\Windows\system32\DWMAPI.DLL
0x00007ff954fe0000 - 0x00007ff955067000 	C:\Program Files\Java\jdk-23\bin\freetype.dll
0x00007ff954f00000 - 0x00007ff954fd7000 	C:\Program Files\Java\jdk-23\bin\fontmanager.dll
0x00007ff967b60000 - 0x00007ff967c88000 	C:\Windows\system32\opengl32.dll
0x00007ff96ff60000 - 0x00007ff96ff8c000 	C:\Windows\SYSTEM32\GLU32.dll
0x00007ff96fd50000 - 0x00007ff96fd60000 	C:\Program Files\Java\jdk-23\bin\verify.dll
0x00007ff986dd0000 - 0x00007ff986e79000 	C:\Windows\System32\clbcatq.dll
0x00007ff982190000 - 0x00007ff982344000 	C:\Windows\SYSTEM32\WindowsCodecs.dll
0x00007ff968e30000 - 0x00007ff968e6e000 	C:\Windows\system32\dataexchange.dll
0x00007ff97e780000 - 0x00007ff97e9e3000 	C:\Windows\system32\d3d11.dll
0x00007ff97f930000 - 0x00007ff97fb14000 	C:\Windows\system32\dcomp.dll
0x00007ff9830b0000 - 0x00007ff9831a6000 	C:\Windows\system32\dxgi.dll
0x00007ff97bb70000 - 0x00007ff97bd73000 	C:\Windows\system32\twinapi.appcore.dll
0x00007ff983b60000 - 0x00007ff983c2a000 	C:\Windows\SYSTEM32\DNSAPI.dll
0x00007ff983b20000 - 0x00007ff983b5b000 	C:\Windows\SYSTEM32\IPHLPAPI.DLL
0x00007ff986560000 - 0x00007ff986568000 	C:\Windows\System32\NSI.dll
0x00007ff9780d0000 - 0x00007ff9780da000 	C:\Windows\System32\rasadhlp.dll
0x00007ff978980000 - 0x00007ff978a00000 	C:\Windows\System32\fwpuclnt.dll
0x00007ff96c550000 - 0x00007ff96c559000 	C:\Program Files\Java\jdk-23\bin\extnet.dll
0x00007ff984080000 - 0x00007ff984098000 	C:\Windows\SYSTEM32\CRYPTSP.dll
0x00007ff983740000 - 0x00007ff983778000 	C:\Windows\system32\rsaenh.dll
0x00007ff9845b0000 - 0x00007ff9845de000 	C:\Windows\SYSTEM32\USERENV.dll
0x00007ff9840a0000 - 0x00007ff9840ac000 	C:\Windows\SYSTEM32\CRYPTBASE.dll
0x00007ff982160000 - 0x00007ff98216e000 	C:\Program Files\Java\jdk-23\bin\sunmscapi.dll
0x00007ff984700000 - 0x00007ff98485d000 	C:\Windows\System32\CRYPT32.dll
0x00007ff9841a0000 - 0x00007ff9841c7000 	C:\Windows\SYSTEM32\ncrypt.dll
0x00007ff984160000 - 0x00007ff98419b000 	C:\Windows\SYSTEM32\NTASN1.dll

dbghelp: loaded successfully - version: 4.0.5 - missing functions: none
symbol engine: initialized successfully - sym options: 0x614 - pdb path: .;C:\Program Files\Java\jdk-23\bin;C:\Windows\SYSTEM32;C:\Windows\WinSxS\amd64_microsoft.windows.common-controls_6595b64144ccf1df_6.0.19041.4355_none_60b8b9eb71f62e16;C:\Program Files\Java\jdk-23\bin\server

VM Arguments:
jvm_args: -Dfile.encoding=UTF-8 --module-path=C:\Users\Admin\Downloads\JavaBeans_POS\build\classes 
java_command: admin.Admin_Dashboard
java_class_path (initial): C:\Java Libraries\mysql-connector-j-9.1.0.jar;C:\Program Files\NetBeans-23\netbeans\java\modules\ext\AbsoluteLayout.jar;C:\Java Libraries\commons-beanutils-1.9.4.jar;C:\Java Libraries\commons-collections4-4.4.jar;C:\Java Libraries\commons-digester-2.1.jar;C:\Java Libraries\commons-javaflow-20060411.jar;C:\Java Libraries\jasperreports-6.20.5.jar;C:\Java Libraries\jasperreports-fonts-6.20.5.jar;C:\Java Libraries\openpdf-1.3.32.jar;C:\Java Libraries\org-apache-commons-logging.jar;C:\Java Libraries\rs2xml.jar;C:\Java Libraries\groovy-all-2.4.9.jar;C:\Users\Admin\Downloads\jCalendar-1.4.zip;C:\Users\Admin\Downloads\jCalendar-1.4\jCalendar (2)\jcalendar-1.4.jar;C:\Users\Admin\Downloads\jCalendar-1.4\jCalendar (2)\jgoodies-common-1.2.0.jar;C:\Users\Admin\Downloads\jCalendar-1.4\jCalendar (2)\jgoodies-looks-2.4.1.jar;C:\Users\Admin\Downloads\jCalendar-1.4\jCalendar (2)\junit-4.6.jar;C:\Users\Admin\Downloads\JavaBeans_POS\build\classes
Launcher Type: SUN_STANDARD

[Global flags]
     intx CICompilerCount                          = 4                                         {product} {ergonomic}
     uint ConcGCThreads                            = 2                                         {product} {ergonomic}
     uint G1ConcRefinementThreads                  = 8                                         {product} {ergonomic}
   size_t G1HeapRegionSize                         = 1048576                                   {product} {ergonomic}
   size_t InitialHeapSize                          = 134217728                                 {product} {ergonomic}
   size_t MarkStackSize                            = 4194304                                   {product} {ergonomic}
   size_t MarkStackSizeMax                         = 536870912                                 {product} {ergonomic}
   size_t MaxHeapSize                              = 2122317824                                {product} {ergonomic}
   size_t MaxNewSize                               = 1272971264                                {product} {ergonomic}
   size_t MinHeapDeltaBytes                        = 1048576                                   {product} {ergonomic}
   size_t MinHeapSize                              = 8388608                                   {product} {ergonomic}
    uintx NonNMethodCodeHeapSize                   = 5832704                                {pd product} {ergonomic}
    uintx NonProfiledCodeHeapSize                  = 122945536                              {pd product} {ergonomic}
    uintx ProfiledCodeHeapSize                     = 122880000                              {pd product} {ergonomic}
    uintx ReservedCodeCacheSize                    = 251658240                              {pd product} {ergonomic}
     bool SegmentedCodeCache                       = true                                      {product} {ergonomic}
   size_t SoftMaxHeapSize                          = 2122317824                             {manageable} {ergonomic}
     bool UseCompressedOops                        = true                           {product lp64_product} {ergonomic}
     bool UseG1GC                                  = true                                      {product} {ergonomic}
     bool UseLargePagesIndividualAllocation        = false                                  {pd product} {ergonomic}

Logging:
Log output configuration:
 #0: stdout all=warning uptime,level,tags foldmultilines=false
 #1: stderr all=off uptime,level,tags foldmultilines=false

Environment Variables:
PATH=C:\Program Files\Common Files\Oracle\Java\javapath;C:\Windows\system32;C:\Windows;C:\Windows\System32\Wbem;C:\Windows\System32\WindowsPowerShell\v1.0\;C:\Windows\System32\OpenSSH\;C:\Program Files\Intel\WiFi\bin\;C:\Program Files\Common Files\Intel\WirelessCommon\;C:\Users\Admin\AppData\Local\Microsoft\WindowsApps;C:\Users\Admin\AppData\Local\Programs\Microsoft VS Code\bin
USERNAME=Admin
OS=Windows_NT
PROCESSOR_IDENTIFIER=Intel64 Family 6 Model 142 Stepping 10, GenuineIntel
TMP=C:\Users\Admin\AppData\Local\Temp
TEMP=C:\Users\Admin\AppData\Local\Temp




Periodic native trim disabled

---------------  S Y S T E M  ---------------

OS:
 Windows Server 2019 , 64 bit Build 19041 (10.0.19041.5678)
OS uptime: 2 days 10:50 hours

CPU: total 8 (initial active 8) (4 cores per cpu, 2 threads per core) family 6 model 142 stepping 10 microcode 0xf0, cx8, cmov, fxsr, ht, mmx, 3dnowpref, sse, sse2, sse3, ssse3, sse4.1, sse4.2, popcnt, lzcnt, tsc, tscinvbit, avx, avx2, aes, erms, clmul, bmi1, bmi2, adx, fma, vzeroupper, clflush, clflushopt, rdtscp, f16c
Processor Information for processor 0
  Max Mhz: 1801, Current Mhz: 1801, Mhz Limit: 1801
Processor Information for processor 1
  Max Mhz: 1801, Current Mhz: 1500, Mhz Limit: 1801
Processor Information for processor 2
  Max Mhz: 1801, Current Mhz: 1500, Mhz Limit: 1801
Processor Information for processor 3
  Max Mhz: 1801, Current Mhz: 1500, Mhz Limit: 1801
Processor Information for processor 4
  Max Mhz: 1801, Current Mhz: 1500, Mhz Limit: 1801
Processor Information for processor 5
  Max Mhz: 1801, Current Mhz: 1500, Mhz Limit: 1801
Processor Information for processor 6
  Max Mhz: 1801, Current Mhz: 1500, Mhz Limit: 1801
Processor Information for processor 7
  Max Mhz: 1801, Current Mhz: 1500, Mhz Limit: 1801

Memory: 4k page, system-wide physical 8091M (605M free)
TotalPageFile size 16091M (AvailPageFile size 5M)
current process WorkingSet (physical memory assigned to process): 116M, peak: 116M
current process commit charge ("private bytes"): 251M, peak: 251M

vm_info: Java HotSpot(TM) 64-Bit Server VM (23.0.2+7-58) for windows-amd64 JRE (23.0.2+7-58), built on 2024-11-29T09:34:55Z with MS VC++ 17.6 (VS2022)

END.
